TN:
SF:src/utils-mcp/@manuals/scripts-main/logger.ts
FN:22,(anonymous_6)
FN:31,(anonymous_7)
FN:38,(anonymous_8)
FN:60,(anonymous_9)
FN:64,(anonymous_10)
FN:68,(anonymous_11)
FN:72,(anonymous_12)
FN:79,(anonymous_13)
FN:117,(anonymous_14)
FN:142,(anonymous_15)
FN:146,(anonymous_16)
FN:150,(anonymous_17)
FN:154,(anonymous_18)
FN:158,(anonymous_19)
FN:162,(anonymous_20)
FN:168,(anonymous_21)
FNF:16
FNH:16
FNDA:15,(anonymous_6)
FNDA:42,(anonymous_7)
FNDA:98,(anonymous_8)
FNDA:1,(anonymous_9)
FNDA:2,(anonymous_10)
FNDA:1,(anonymous_11)
FNDA:84,(anonymous_12)
FNDA:82,(anonymous_13)
FNDA:84,(anonymous_14)
FNDA:23,(anonymous_15)
FNDA:4,(anonymous_16)
FNDA:33,(anonymous_17)
FNDA:24,(anonymous_18)
FNDA:11,(anonymous_19)
FNDA:1,(anonymous_20)
FNDA:26,(anonymous_21)
DA:1,3
DA:2,3
DA:13,3
DA:14,3
DA:15,3
DA:23,15
DA:24,15
DA:25,15
DA:26,15
DA:27,15
DA:28,15
DA:32,42
DA:33,15
DA:35,42
DA:39,98
DA:40,83
DA:43,15
DA:44,15
DA:45,15
DA:46,12
DA:49,15
DA:50,12
DA:53,15
DA:55,0
DA:56,0
DA:61,1
DA:65,2
DA:69,1
DA:73,84
DA:74,84
DA:75,84
DA:76,84
DA:80,82
DA:81,14
DA:84,68
DA:85,68
DA:86,7
DA:87,7
DA:88,7
DA:89,7
DA:92,7
DA:93,14
DA:94,14
DA:95,14
DA:96,6
DA:101,7
DA:102,7
DA:103,7
DA:105,7
DA:108,7
DA:109,49
DA:110,49
DA:111,0
DA:118,84
DA:119,2
DA:122,82
DA:124,82
DA:131,82
DA:133,82
DA:135,82
DA:139,82
DA:143,23
DA:147,4
DA:151,33
DA:155,24
DA:159,11
DA:163,1
DA:164,1
DA:165,1
DA:169,26
DA:170,13
DA:172,26
DA:173,26
LF:73
LH:70
BRDA:32,0,0,15
BRDA:39,1,0,83
BRDA:45,2,0,12
BRDA:49,3,0,12
BRDA:80,4,0,14
BRDA:85,5,0,7
BRDA:95,6,0,6
BRDA:102,7,0,7
BRDA:110,8,0,0
BRDA:118,9,0,2
BRDA:136,10,0,36
BRDA:136,10,1,46
BRDA:169,11,0,13
BRF:13
BRH:12
end_of_record
TN:
SF:src/utils-mcp/@manuals/scripts-main/manual-generator.ts
FN:13,(anonymous_6)
FN:19,(anonymous_7)
FN:80,(anonymous_8)
FN:84,(anonymous_9)
FNF:4
FNH:2
FNDA:6,(anonymous_6)
FNDA:7,(anonymous_7)
FNDA:0,(anonymous_8)
FNDA:0,(anonymous_9)
DA:1,1
DA:2,1
DA:3,1
DA:4,1
DA:7,1
DA:8,6
DA:14,6
DA:15,6
DA:16,6
DA:22,7
DA:23,1
DA:24,1
DA:27,6
DA:28,6
DA:30,6
DA:32,6
DA:33,1
DA:34,1
DA:38,6
DA:39,6
DA:40,1
DA:42,1
DA:43,1
DA:44,1
DA:46,1
DA:47,1
DA:48,1
DA:51,1
DA:52,1
DA:53,1
DA:55,1
DA:56,1
DA:60,1
DA:62,1
DA:63,1
DA:64,1
DA:66,1
DA:68,1
DA:70,5
DA:73,5
DA:75,6
DA:76,6
DA:81,0
DA:85,0
LF:44
LH:42
BRDA:22,0,0,1
BRDA:32,1,0,1
BRDA:71,2,0,5
BRDA:71,2,1,0
BRF:4
BRH:3
end_of_record
TN:
SF:src/utils-mcp/@manuals/scripts-main/template-manager.ts
FN:12,(anonymous_6)
FN:20,(anonymous_7)
FN:21,(anonymous_8)
FN:28,(anonymous_9)
FN:57,(anonymous_10)
FN:61,(anonymous_11)
FN:92,(anonymous_12)
FN:126,(anonymous_13)
FN:156,(anonymous_14)
FN:178,(anonymous_15)
FN:182,(anonymous_16)
FN:183,(anonymous_17)
FN:186,(anonymous_18)
FNF:13
FNH:12
FNDA:19,(anonymous_6)
FNDA:19,(anonymous_7)
FNDA:38,(anonymous_8)
FNDA:12,(anonymous_9)
FNDA:4,(anonymous_10)
FNDA:8,(anonymous_11)
FNDA:5,(anonymous_12)
FNDA:4,(anonymous_13)
FNDA:2,(anonymous_14)
FNDA:4,(anonymous_15)
FNDA:5,(anonymous_16)
FNDA:1,(anonymous_17)
FNDA:0,(anonymous_18)
DA:1,2
DA:2,2
DA:3,2
DA:6,2
DA:13,19
DA:14,19
DA:15,19
DA:16,19
DA:17,19
DA:21,19
DA:22,38
DA:23,5
DA:29,12
DA:31,12
DA:32,12
DA:33,6
DA:34,6
DA:37,6
DA:38,6
DA:39,1
DA:40,0
DA:43,5
DA:44,4
DA:46,8
DA:47,6
DA:51,6
DA:53,2
DA:58,4
DA:59,4
DA:61,4
DA:62,8
DA:63,8
DA:65,8
DA:66,14
DA:67,13
DA:68,13
DA:69,13
DA:74,7
DA:75,6
DA:76,6
DA:78,0
DA:81,0
DA:84,1
DA:88,7
DA:93,5
DA:94,5
DA:95,5
DA:97,5
DA:98,5
DA:99,1
DA:100,1
DA:104,4
DA:105,1
DA:109,4
DA:112,4
DA:114,1
DA:115,1
DA:120,1
DA:122,0
DA:127,4
DA:128,4
DA:130,4
DA:131,4
DA:132,0
DA:133,0
DA:136,4
DA:137,1
DA:138,1
DA:141,3
DA:142,3
DA:144,1
DA:145,1
DA:150,1
DA:152,0
DA:157,2
DA:158,2
DA:160,2
DA:161,2
DA:162,1
DA:163,1
DA:166,0
DA:167,0
DA:172,0
DA:174,0
DA:179,4
DA:180,4
DA:182,5
DA:183,1
DA:186,4
DA:187,0
DA:190,0
DA:191,0
LF:92
LH:78
BRDA:22,0,0,5
BRDA:32,1,0,6
BRDA:38,2,0,1
BRDA:46,3,0,6
BRDA:66,4,0,13
BRDA:66,4,1,1
BRDA:66,5,0,14
BRDA:66,5,1,14
BRDA:66,5,2,14
BRDA:68,6,0,13
BRDA:68,6,1,0
BRDA:69,7,0,7
BRDA:69,7,1,6
BRDA:70,8,0,13
BRDA:70,8,1,7
BRDA:70,8,2,6
BRDA:75,9,0,6
BRDA:75,9,1,0
BRDA:98,10,0,1
BRDA:104,11,0,1
BRDA:114,12,0,1
BRDA:131,13,0,0
BRDA:136,14,0,1
BRDA:144,15,0,1
BRDA:161,16,0,1
BRDA:166,17,0,0
BRDA:182,18,0,5
BRDA:182,18,1,5
BRDA:190,19,0,0
BRF:29
BRH:24
end_of_record
